<?xml version="1.0" encoding="UTF-8"?>
<testsuite xmlns:xsi="http://www.w3.org/2001/XMLSchema-instance" xsi:noNamespaceSchemaLocation="https://maven.apache.org/surefire/maven-surefire-plugin/xsd/surefire-test-report-3.0.xsd" version="3.0" name="com.mycompany.st10452402survivingtheforest.ST10452402SurvivingTheForestTest" time="0.083" tests="14" errors="0" skipped="0" failures="0">
  <properties>
    <property name="java.specification.version" value="21"/>
    <property name="sun.cpu.isalist" value="amd64"/>
    <property name="sun.jnu.encoding" value="Cp1252"/>
    <property name="java.class.path" value="C:\Users\sohan\OneDrive\Documents\NetBeansProjects\ST10452402SurvivingTheForest\target\test-classes;C:\Users\sohan\OneDrive\Documents\NetBeansProjects\ST10452402SurvivingTheForest\target\classes;C:\Users\sohan\.m2\repository\org\junit\jupiter\junit-jupiter-api\5.10.3\junit-jupiter-api-5.10.3.jar;C:\Users\sohan\.m2\repository\org\opentest4j\opentest4j\1.3.0\opentest4j-1.3.0.jar;C:\Users\sohan\.m2\repository\org\junit\platform\junit-platform-commons\1.10.3\junit-platform-commons-1.10.3.jar;C:\Users\sohan\.m2\repository\org\apiguardian\apiguardian-api\1.1.2\apiguardian-api-1.1.2.jar;C:\Users\sohan\.m2\repository\org\junit\jupiter\junit-jupiter-params\5.10.3\junit-jupiter-params-5.10.3.jar;C:\Users\sohan\.m2\repository\org\junit\jupiter\junit-jupiter-engine\5.10.3\junit-jupiter-engine-5.10.3.jar;C:\Users\sohan\.m2\repository\org\junit\platform\junit-platform-engine\1.10.3\junit-platform-engine-1.10.3.jar;"/>
    <property name="java.vm.vendor" value="Oracle Corporation"/>
    <property name="sun.arch.data.model" value="64"/>
    <property name="user.variant" value=""/>
    <property name="java.vendor.url" value="https://java.oracle.com/"/>
    <property name="user.timezone" value="Africa/Johannesburg"/>
    <property name="os.name" value="Windows 11"/>
    <property name="java.vm.specification.version" value="21"/>
    <property name="user.country" value="ZA"/>
    <property name="sun.java.launcher" value="SUN_STANDARD"/>
    <property name="sun.boot.library.path" value="C:\Program Files\Java\jdk-21\bin"/>
    <property name="sun.java.command" value="C:\Users\sohan\AppData\Local\Temp\surefire16009298760612119740\surefirebooter-20250904142530671_3.jar C:\Users\sohan\AppData\Local\Temp\surefire16009298760612119740 2025-09-04T14-25-30_509-jvmRun1 surefire-20250904142530671_1tmp surefire_0-20250904142530671_2tmp"/>
    <property name="jdk.debug" value="release"/>
    <property name="test" value="com.mycompany.st10452402survivingtheforest.ST10452402SurvivingTheForestTest"/>
    <property name="surefire.test.class.path" value="C:\Users\sohan\OneDrive\Documents\NetBeansProjects\ST10452402SurvivingTheForest\target\test-classes;C:\Users\sohan\OneDrive\Documents\NetBeansProjects\ST10452402SurvivingTheForest\target\classes;C:\Users\sohan\.m2\repository\org\junit\jupiter\junit-jupiter-api\5.10.3\junit-jupiter-api-5.10.3.jar;C:\Users\sohan\.m2\repository\org\opentest4j\opentest4j\1.3.0\opentest4j-1.3.0.jar;C:\Users\sohan\.m2\repository\org\junit\platform\junit-platform-commons\1.10.3\junit-platform-commons-1.10.3.jar;C:\Users\sohan\.m2\repository\org\apiguardian\apiguardian-api\1.1.2\apiguardian-api-1.1.2.jar;C:\Users\sohan\.m2\repository\org\junit\jupiter\junit-jupiter-params\5.10.3\junit-jupiter-params-5.10.3.jar;C:\Users\sohan\.m2\repository\org\junit\jupiter\junit-jupiter-engine\5.10.3\junit-jupiter-engine-5.10.3.jar;C:\Users\sohan\.m2\repository\org\junit\platform\junit-platform-engine\1.10.3\junit-platform-engine-1.10.3.jar;"/>
    <property name="sun.cpu.endian" value="little"/>
    <property name="user.home" value="C:\Users\sohan"/>
    <property name="user.language" value="en"/>
    <property name="java.specification.vendor" value="Oracle Corporation"/>
    <property name="java.version.date" value="2025-04-15"/>
    <property name="java.home" value="C:\Program Files\Java\jdk-21"/>
    <property name="file.separator" value="\"/>
    <property name="basedir" value="C:\Users\sohan\OneDrive\Documents\NetBeansProjects\ST10452402SurvivingTheForest"/>
    <property name="java.vm.compressedOopsMode" value="Zero based"/>
    <property name="line.separator" value="&#10;"/>
    <property name="java.vm.specification.vendor" value="Oracle Corporation"/>
    <property name="java.specification.name" value="Java Platform API Specification"/>
    <property name="surefire.real.class.path" value="C:\Users\sohan\AppData\Local\Temp\surefire16009298760612119740\surefirebooter-20250904142530671_3.jar"/>
    <property name="user.script" value=""/>
    <property name="sun.management.compiler" value="HotSpot 64-Bit Tiered Compilers"/>
    <property name="java.runtime.version" value="21.0.7+8-LTS-245"/>
    <property name="user.name" value="sohan"/>
    <property name="stdout.encoding" value="Cp1252"/>
    <property name="path.separator" value=";"/>
    <property name="os.version" value="10.0"/>
    <property name="java.runtime.name" value="Java(TM) SE Runtime Environment"/>
    <property name="file.encoding" value="UTF-8"/>
    <property name="java.vm.name" value="Java HotSpot(TM) 64-Bit Server VM"/>
    <property name="maven.ext.class.path" value="C:\Program Files\NetBeans-24\netbeans\java\maven-nblib\netbeans-eventspy.jar"/>
    <property name="localRepository" value="C:\Users\sohan\.m2\repository"/>
    <property name="java.vendor.url.bug" value="https://bugreport.java.com/bugreport/"/>
    <property name="java.io.tmpdir" value="C:\Users\sohan\AppData\Local\Temp\"/>
    <property name="java.version" value="21.0.7"/>
    <property name="user.dir" value="C:\Users\sohan\OneDrive\Documents\NetBeansProjects\ST10452402SurvivingTheForest"/>
    <property name="os.arch" value="amd64"/>
    <property name="java.vm.specification.name" value="Java Virtual Machine Specification"/>
    <property name="sun.os.patch.level" value=""/>
    <property name="native.encoding" value="Cp1252"/>
    <property name="java.library.path" value="C:\Program Files\Java\jdk-21\bin;C:\WINDOWS\Sun\Java\bin;C:\WINDOWS\system32;C:\WINDOWS;C:\Program Files\Common Files\Oracle\Java\javapath;C:\WINDOWS\system32;C:\WINDOWS;C:\WINDOWS\System32\Wbem;C:\WINDOWS\System32\WindowsPowerShell\v1.0\;C:\WINDOWS\System32\OpenSSH\;C:\Program Files (x86)\NVIDIA Corporation\PhysX\Common;C:\Program Files\NVIDIA Corporation\NVIDIA App\NvDLISR;C:\Program Files\Java\jdk-21\bin;C:\Users\sohan\AppData\Local\Microsoft\WindowsApps;C:\Users\sohan\AppData\Local\GitHubDesktop\bin;."/>
    <property name="java.vm.info" value="mixed mode, sharing"/>
    <property name="stderr.encoding" value="Cp1252"/>
    <property name="java.vendor" value="Oracle Corporation"/>
    <property name="java.vm.version" value="21.0.7+8-LTS-245"/>
    <property name="sun.io.unicode.encoding" value="UnicodeLittle"/>
    <property name="java.class.version" value="65.0"/>
  </properties>
  <testcase name="testPathHistory" classname="com.mycompany.st10452402survivingtheforest.ST10452402SurvivingTheForestTest" time="0.021"/>
  <testcase name="testFoodEncounter" classname="com.mycompany.st10452402survivingtheforest.ST10452402SurvivingTheForestTest" time="0.005">
    <system-out><![CDATA[You find food, but you’re already at full strength.You nibble out of habit, but it doesn’t give you any more energy.
]]></system-out>
  </testcase>
  <testcase name="testGainHeart" classname="com.mycompany.st10452402survivingtheforest.ST10452402SurvivingTheForestTest" time="0.001"/>
  <testcase name="testDaysLeft" classname="com.mycompany.st10452402survivingtheforest.ST10452402SurvivingTheForestTest" time="0.001"/>
  <testcase name="testRoadEncounter" classname="com.mycompany.st10452402survivingtheforest.ST10452402SurvivingTheForestTest" time="0.007">
    <system-out><![CDATA[As you push through the thick underbrush, your foot suddenly hits gravel instead of soil.The trees thin out, and before you stretches a cracked, weather-beaten road.Relief surges through your chest — you’ve finally found a way out of the endless forest.Somewhere along this road, help will come.
Congratulations, Sohan! You survived the forest.
]]></system-out>
  </testcase>
  <testcase name="testEscapeFlag" classname="com.mycompany.st10452402survivingtheforest.ST10452402SurvivingTheForestTest" time="0.001"/>
  <testcase name="testLoseHeartBelowZero" classname="com.mycompany.st10452402survivingtheforest.ST10452402SurvivingTheForestTest" time="0.001"/>
  <testcase name="testAnimalEncounterDamage" classname="com.mycompany.st10452402survivingtheforest.ST10452402SurvivingTheForestTest" time="0.002">
    <system-out><![CDATA[A venomous snake slithers silently across your path. You freeze, knowing any sudden movement could provoke it. Before you can react, it strikes your leg! Pain surges through your body. You manage to shake it off, but the bite costs you 1 heart. The snake disappears into the underbrush, leaving a lingering threat.
]]></system-out>
  </testcase>
  <testcase name="testGainHeartAboveMax" classname="com.mycompany.st10452402survivingtheforest.ST10452402SurvivingTheForestTest" time="0.002"/>
  <testcase name="testLoseHeart" classname="com.mycompany.st10452402survivingtheforest.ST10452402SurvivingTheForestTest" time="0.001"/>
  <testcase name="testInitialHearts" classname="com.mycompany.st10452402survivingtheforest.ST10452402SurvivingTheForestTest" time="0.001"/>
  <testcase name="testMovesLeft" classname="com.mycompany.st10452402survivingtheforest.ST10452402SurvivingTheForestTest" time="0.002"/>
  <testcase name="testLakeEncounter" classname="com.mycompany.st10452402survivingtheforest.ST10452402SurvivingTheForestTest" time="0.002">
    <system-out><![CDATA[You find a source of water, but your strength is already full.You take a moment to rest before pressing on.
]]></system-out>
  </testcase>
  <testcase name="testStrangerEncounter" classname="com.mycompany.st10452402survivingtheforest.ST10452402SurvivingTheForestTest" time="0.001">
    <system-out><![CDATA[A figure emerges suddenly from the shadows — a stranger with wild eyes and a sharpened stick.He lunges at you in desperation, trying to steal what little you have.You manage to push him away, but not before suffering a painful wound.You lose 1 heart.
]]></system-out>
  </testcase>
</testsuite>